CreateDirectory: "C:\Python27\Lib\site-packages\docutils" created
File: overwriteflag=0, allowskipfilesflag=2, name="python.ico"
File: wrote 15086 to "C:\Python27\Lib\site-packages\docutils\python.ico"
File: overwriteflag=0, allowskipfilesflag=2, name="license.txt"
File: wrote 4972 to "C:\Python27\Lib\site-packages\docutils\license.txt"
CreateDirectory: "C:\Python27\Lib\site-packages" (1)
File: overwriteflag=0, allowskipfilesflag=2, name="docutils-0.10-py2.7.egg-info"
File: wrote 2257 to "C:\Python27\Lib\site-packages\docutils-0.10-py2.7.egg-info"
CreateDirectory: "C:\Python27\Lib\site-packages\docutils" (1)
File: overwriteflag=0, allowskipfilesflag=2, name="__init__.py"
File: wrote 7562 to "C:\Python27\Lib\site-packages\docutils\__init__.py"
File: overwriteflag=0, allowskipfilesflag=2, name="_compat.py"
File: wrote 1589 to "C:\Python27\Lib\site-packages\docutils\_compat.py"
File: overwriteflag=0, allowskipfilesflag=2, name="core.py"
File: wrote 29426 to "C:\Python27\Lib\site-packages\docutils\core.py"
File: overwriteflag=0, allowskipfilesflag=2, name="examples.py"
File: wrote 3959 to "C:\Python27\Lib\site-packages\docutils\examples.py"
File: overwriteflag=0, allowskipfilesflag=2, name="frontend.py"
File: wrote 35418 to "C:\Python27\Lib\site-packages\docutils\frontend.py"
File: overwriteflag=0, allowskipfilesflag=2, name="io.py"
File: wrote 17048 to "C:\Python27\Lib\site-packages\docutils\io.py"
File: overwriteflag=0, allowskipfilesflag=2, name="nodes.py"
File: wrote 66063 to "C:\Python27\Lib\site-packages\docutils\nodes.py"
File: overwriteflag=0, allowskipfilesflag=2, name="statemachine.py"
File: wrote 57572 to "C:\Python27\Lib\site-packages\docutils\statemachine.py"
CreateDirectory: "C:\Python27\Lib\site-packages\docutils\languages" (1)
CreateDirectory: "C:\Python27\Lib\site-packages\docutils\languages" created
File: overwriteflag=0, allowskipfilesflag=2, name="__init__.py"
File: wrote 1626 to "C:\Python27\Lib\site-packages\docutils\languages\__init__.py"
File: overwriteflag=0, allowskipfilesflag=2, name="af.py"
File: wrote 1824 to "C:\Python27\Lib\site-packages\docutils\languages\af.py"
File: overwriteflag=0, allowskipfilesflag=2, name="ca.py"
File: wrote 1940 to "C:\Python27\Lib\site-packages\docutils\languages\ca.py"
File: overwriteflag=0, allowskipfilesflag=2, name="cs.py"
File: wrote 1928 to "C:\Python27\Lib\site-packages\docutils\languages\cs.py"
File: overwriteflag=0, allowskipfilesflag=2, name="de.py"
File: wrote 1722 to "C:\Python27\Lib\site-packages\docutils\languages\de.py"
File: overwriteflag=0, allowskipfilesflag=2, name="en.py"
File: wrote 1848 to "C:\Python27\Lib\site-packages\docutils\languages\en.py"
File: overwriteflag=0, allowskipfilesflag=2, name="eo.py"
File: wrote 1948 to "C:\Python27\Lib\site-packages\docutils\languages\eo.py"
File: overwriteflag=0, allowskipfilesflag=2, name="es.py"
File: wrote 1962 to "C:\Python27\Lib\site-packages\docutils\languages\es.py"
File: overwriteflag=0, allowskipfilesflag=2, name="fi.py"
File: wrote 2026 to "C:\Python27\Lib\site-packages\docutils\languages\fi.py"
File: overwriteflag=0, allowskipfilesflag=2, name="fr.py"
File: wrote 1893 to "C:\Python27\Lib\site-packages\docutils\languages\fr.py"
File: overwriteflag=0, allowskipfilesflag=2, name="gl.py"
File: wrote 2040 to "C:\Python27\Lib\site-packages\docutils\languages\gl.py"
File: overwriteflag=0, allowskipfilesflag=2, name="he.py"
File: wrote 2683 to "C:\Python27\Lib\site-packages\docutils\languages\he.py"
File: overwriteflag=0, allowskipfilesflag=2, name="it.py"
File: wrote 1808 to "C:\Python27\Lib\site-packages\docutils\languages\it.py"
File: overwriteflag=0, allowskipfilesflag=2, name="ja.py"
File: wrote 1942 to "C:\Python27\Lib\site-packages\docutils\languages\ja.py"
File: overwriteflag=0, allowskipfilesflag=2, name="lt.py"
File: wrote 3856 to "C:\Python27\Lib\site-packages\docutils\languages\lt.py"
File: overwriteflag=0, allowskipfilesflag=2, name="nl.py"
File: wrote 1865 to "C:\Python27\Lib\site-packages\docutils\languages\nl.py"
File: overwriteflag=0, allowskipfilesflag=2, name="pl.py"
File: wrote 1900 to "C:\Python27\Lib\site-packages\docutils\languages\pl.py"
File: overwriteflag=0, allowskipfilesflag=2, name="pt_br.py"
File: wrote 1982 to "C:\Python27\Lib\site-packages\docutils\languages\pt_br.py"
File: overwriteflag=0, allowskipfilesflag=2, name="ru.py"
File: wrote 2155 to "C:\Python27\Lib\site-packages\docutils\languages\ru.py"
File: overwriteflag=0, allowskipfilesflag=2, name="sk.py"
File: wrote 1860 to "C:\Python27\Lib\site-packages\docutils\languages\sk.py"
File: overwriteflag=0, allowskipfilesflag=2, name="sv.py"
File: wrote 2072 to "C:\Python27\Lib\site-packages\docutils\languages\sv.py"
File: overwriteflag=0, allowskipfilesflag=2, name="zh_cn.py"
File: wrote 2026 to "C:\Python27\Lib\site-packages\docutils\languages\zh_cn.py"
File: overwriteflag=0, allowskipfilesflag=2, name="zh_tw.py"
File: wrote 2771 to "C:\Python27\Lib\site-packages\docutils\languages\zh_tw.py"
CreateDirectory: "C:\Python27\Lib\site-packages\docutils\parsers" (1)
CreateDirectory: "C:\Python27\Lib\site-packages\docutils\parsers" created
File: overwriteflag=0, allowskipfilesflag=2, name="__init__.py"
File: wrote 1659 to "C:\Python27\Lib\site-packages\docutils\parsers\__init__.py"
File: overwriteflag=0, allowskipfilesflag=2, name="null.py"
File: wrote 445 to "C:\Python27\Lib\site-packages\docutils\parsers\null.py"
CreateDirectory: "C:\Python27\Lib\site-packages\docutils\parsers\rst" (1)
CreateDirectory: "C:\Python27\Lib\site-packages\docutils\parsers\rst" created
File: overwriteflag=0, allowskipfilesflag=2, name="__init__.py"
File: wrote 15298 to "C:\Python27\Lib\site-packages\docutils\parsers\rst\__init__.py"
File: overwriteflag=0, allowskipfilesflag=2, name="roles.py"
File: wrote 14739 to "C:\Python27\Lib\site-packages\docutils\parsers\rst\roles.py"
File: overwriteflag=0, allowskipfilesflag=2, name="states.py"
File: wrote 128970 to "C:\Python27\Lib\site-packages\docutils\parsers\rst\states.py"
File: overwriteflag=0, allowskipfilesflag=2, name="tableparser.py"
File: wrote 21007 to "C:\Python27\Lib\site-packages\docutils\parsers\rst\tableparser.py"
CreateDirectory: "C:\Python27\Lib\site-packages\docutils\parsers\rst\directives" (1)
CreateDirectory: "C:\Python27\Lib\site-packages\docutils\parsers\rst\directives" created
File: overwriteflag=0, allowskipfilesflag=2, name="__init__.py"
File: wrote 13476 to "C:\Python27\Lib\site-packages\docutils\parsers\rst\directives\__init__.py"
File: overwriteflag=0, allowskipfilesflag=2, name="admonitions.py"
File: wrote 2273 to "C:\Python27\Lib\site-packages\docutils\parsers\rst\directives\admonitions.py"
File: overwriteflag=0, allowskipfilesflag=2, name="body.py"
File: wrote 9243 to "C:\Python27\Lib\site-packages\docutils\parsers\rst\directives\body.py"
File: overwriteflag=0, allowskipfilesflag=2, name="html.py"
File: wrote 3098 to "C:\Python27\Lib\site-packages\docutils\parsers\rst\directives\html.py"
File: overwriteflag=0, allowskipfilesflag=2, name="images.py"
File: wrote 6775 to "C:\Python27\Lib\site-packages\docutils\parsers\rst\directives\images.py"
File: overwriteflag=0, allowskipfilesflag=2, name="misc.py"
File: wrote 22888 to "C:\Python27\Lib\site-packages\docutils\parsers\rst\directives\misc.py"
File: overwriteflag=0, allowskipfilesflag=2, name="parts.py"
File: wrote 4251 to "C:\Python27\Lib\site-packages\docutils\parsers\rst\directives\parts.py"
File: overwriteflag=0, allowskipfilesflag=2, name="references.py"
File: wrote 831 to "C:\Python27\Lib\site-packages\docutils\parsers\rst\directives\references.py"
File: overwriteflag=0, allowskipfilesflag=2, name="tables.py"
File: wrote 20049 to "C:\Python27\Lib\site-packages\docutils\parsers\rst\directives\tables.py"
CreateDirectory: "C:\Python27\Lib\site-packages\docutils\parsers\rst\include" (1)
CreateDirectory: "C:\Python27\Lib\site-packages\docutils\parsers\rst\include" created
File: overwriteflag=0, allowskipfilesflag=2, name="README.txt"
File: wrote 666 to "C:\Python27\Lib\site-packages\docutils\parsers\rst\include\README.txt"
File: overwriteflag=0, allowskipfilesflag=2, name="isoamsa.txt"
File: wrote 10925 to "C:\Python27\Lib\site-packages\docutils\parsers\rst\include\isoamsa.txt"
File: overwriteflag=0, allowskipfilesflag=2, name="isoamsb.txt"
File: wrote 7242 to "C:\Python27\Lib\site-packages\docutils\parsers\rst\include\isoamsb.txt"
File: overwriteflag=0, allowskipfilesflag=2, name="isoamsc.txt"
File: wrote 1723 to "C:\Python27\Lib\site-packages\docutils\parsers\rst\include\isoamsc.txt"
File: overwriteflag=0, allowskipfilesflag=2, name="isoamsn.txt"
File: wrote 6721 to "C:\Python27\Lib\site-packages\docutils\parsers\rst\include\isoamsn.txt"
File: overwriteflag=0, allowskipfilesflag=2, name="isoamso.txt"
File: wrote 3825 to "C:\Python27\Lib\site-packages\docutils\parsers\rst\include\isoamso.txt"
File: overwriteflag=0, allowskipfilesflag=2, name="isoamsr.txt"
File: wrote 11763 to "C:\Python27\Lib\site-packages\docutils\parsers\rst\include\isoamsr.txt"
File: overwriteflag=0, allowskipfilesflag=2, name="isobox.txt"
File: wrote 3101 to "C:\Python27\Lib\site-packages\docutils\parsers\rst\include\isobox.txt"
File: overwriteflag=0, allowskipfilesflag=2, name="isocyr1.txt"
File: wrote 4241 to "C:\Python27\Lib\site-packages\docutils\parsers\rst\include\isocyr1.txt"
File: overwriteflag=0, allowskipfilesflag=2, name="isocyr2.txt"
File: wrote 1882 to "C:\Python27\Lib\site-packages\docutils\parsers\rst\include\isocyr2.txt"
File: overwriteflag=0, allowskipfilesflag=2, name="isodia.txt"
File: wrote 869 to "C:\Python27\Lib\site-packages\docutils\parsers\rst\include\isodia.txt"
File: overwriteflag=0, allowskipfilesflag=2, name="isogrk1.txt"
File: wrote 3010 to "C:\Python27\Lib\site-packages\docutils\parsers\rst\include\isogrk1.txt"
File: overwriteflag=0, allowskipfilesflag=2, name="isogrk2.txt"
File: wrote 1705 to "C:\Python27\Lib\site-packages\docutils\parsers\rst\include\isogrk2.txt"
File: overwriteflag=0, allowskipfilesflag=2, name="isogrk3.txt"
File: wrote 2880 to "C:\Python27\Lib\site-packages\docutils\parsers\rst\include\isogrk3.txt"
File: overwriteflag=0, allowskipfilesflag=2, name="isogrk4-wide.txt"
File: wrote 3035 to "C:\Python27\Lib\site-packages\docutils\parsers\rst\include\isogrk4-wide.txt"
File: overwriteflag=0, allowskipfilesflag=2, name="isogrk4.txt"
File: wrote 372 to "C:\Python27\Lib\site-packages\docutils\parsers\rst\include\isogrk4.txt"
File: overwriteflag=0, allowskipfilesflag=2, name="isolat1.txt"
File: wrote 4397 to "C:\Python27\Lib\site-packages\docutils\parsers\rst\include\isolat1.txt"
File: overwriteflag=0, allowskipfilesflag=2, name="isolat2.txt"
File: wrote 8466 to "C:\Python27\Lib\site-packages\docutils\parsers\rst\include\isolat2.txt"
File: overwriteflag=0, allowskipfilesflag=2, name="isomfrk-wide.txt"
File: wrote 3334 to "C:\Python27\Lib\site-packages\docutils\parsers\rst\include\isomfrk-wide.txt"
File: overwriteflag=0, allowskipfilesflag=2, name="isomfrk.txt"
File: wrote 519 to "C:\Python27\Lib\site-packages\docutils\parsers\rst\include\isomfrk.txt"
File: overwriteflag=0, allowskipfilesflag=2, name="isomopf-wide.txt"
File: wrote 1931 to "C:\Python27\Lib\site-packages\docutils\parsers\rst\include\isomopf-wide.txt"
File: overwriteflag=0, allowskipfilesflag=2, name="isomopf.txt"
File: wrote 639 to "C:\Python27\Lib\site-packages\docutils\parsers\rst\include\isomopf.txt"
File: overwriteflag=0, allowskipfilesflag=2, name="isomscr-wide.txt"
File: wrote 3231 to "C:\Python27\Lib\site-packages\docutils\parsers\rst\include\isomscr-wide.txt"
File: overwriteflag=0, allowskipfilesflag=2, name="isomscr.txt"
File: wrote 776 to "C:\Python27\Lib\site-packages\docutils\parsers\rst\include\isomscr.txt"
File: overwriteflag=0, allowskipfilesflag=2, name="isonum.txt"
File: wrote 4066 to "C:\Python27\Lib\site-packages\docutils\parsers\rst\include\isonum.txt"
File: overwriteflag=0, allowskipfilesflag=2, name="isopub.txt"
File: wrote 4613 to "C:\Python27\Lib\site-packages\docutils\parsers\rst\include\isopub.txt"
File: overwriteflag=0, allowskipfilesflag=2, name="isotech.txt"
File: wrote 9726 to "C:\Python27\Lib\site-packages\docutils\parsers\rst\include\isotech.txt"
File: overwriteflag=0, allowskipfilesflag=2, name="mmlalias.txt"
File: wrote 45428 to "C:\Python27\Lib\site-packages\docutils\parsers\rst\include\mmlalias.txt"
File: overwriteflag=0, allowskipfilesflag=2, name="mmlextra-wide.txt"
File: wrote 9010 to "C:\Python27\Lib\site-packages\docutils\parsers\rst\include\mmlextra-wide.txt"
File: overwriteflag=0, allowskipfilesflag=2, name="mmlextra.txt"
File: wrote 6800 to "C:\Python27\Lib\site-packages\docutils\parsers\rst\include\mmlextra.txt"
File: overwriteflag=0, allowskipfilesflag=2, name="s5defs.txt"
File: wrote 1036 to "C:\Python27\Lib\site-packages\docutils\parsers\rst\include\s5defs.txt"
File: overwriteflag=0, allowskipfilesflag=2, name="xhtml1-lat1.txt"
File: wrote 6112 to "C:\Python27\Lib\site-packages\docutils\parsers\rst\include\xhtml1-lat1.txt"
File: overwriteflag=0, allowskipfilesflag=2, name="xhtml1-special.txt"
File: wrote 1945 to "C:\Python27\Lib\site-packages\docutils\parsers\rst\include\xhtml1-special.txt"
File: overwriteflag=0, allowskipfilesflag=2, name="xhtml1-symbol.txt"
File: wrote 7028 to "C:\Python27\Lib\site-packages\docutils\parsers\rst\include\xhtml1-symbol.txt"
CreateDirectory: "C:\Python27\Lib\site-packages\docutils\parsers\rst\languages" (1)
CreateDirectory: "C:\Python27\Lib\site-packages\docutils\parsers\rst\languages" created
File: overwriteflag=0, allowskipfilesflag=2, name="__init__.py"
File: wrote 1085 to "C:\Python27\Lib\site-packages\docutils\parsers\rst\languages\__init__.py"
File: overwriteflag=0, allowskipfilesflag=2, name="af.py"
File: wrote 3677 to "C:\Python27\Lib\site-packages\docutils\parsers\rst\languages\af.py"
File: overwriteflag=0, allowskipfilesflag=2, name="ca.py"
File: wrote 4467 to "C:\Python27\Lib\site-packages\docutils\parsers\rst\languages\ca.py"
File: overwriteflag=0, allowskipfilesflag=2, name="cs.py"
File: wrote 4857 to "C:\Python27\Lib\site-packages\docutils\parsers\rst\languages\cs.py"
File: overwriteflag=0, allowskipfilesflag=2, name="de.py"
File: wrote 3465 to "C:\Python27\Lib\site-packages\docutils\parsers\rst\languages\de.py"
File: overwriteflag=0, allowskipfilesflag=2, name="en.py"
File: wrote 3317 to "C:\Python27\Lib\site-packages\docutils\parsers\rst\languages\en.py"
File: overwriteflag=0, allowskipfilesflag=2, name="eo.py"
File: wrote 3898 to "C:\Python27\Lib\site-packages\docutils\parsers\rst\languages\eo.py"
File: overwriteflag=0, allowskipfilesflag=2, name="es.py"
File: wrote 4261 to "C:\Python27\Lib\site-packages\docutils\parsers\rst\languages\es.py"
File: overwriteflag=0, allowskipfilesflag=2, name="fi.py"
File: wrote 3661 to "C:\Python27\Lib\site-packages\docutils\parsers\rst\languages\fi.py"
File: overwriteflag=0, allowskipfilesflag=2, name="fr.py"
File: wrote 3709 to "C:\Python27\Lib\site-packages\docutils\parsers\rst\languages\fr.py"
File: overwriteflag=0, allowskipfilesflag=2, name="gl.py"
File: wrote 3711 to "C:\Python27\Lib\site-packages\docutils\parsers\rst\languages\gl.py"
File: overwriteflag=0, allowskipfilesflag=2, name="he.py"
File: wrote 3640 to "C:\Python27\Lib\site-packages\docutils\parsers\rst\languages\he.py"
File: overwriteflag=0, allowskipfilesflag=2, name="it.py"
File: wrote 3270 to "C:\Python27\Lib\site-packages\docutils\parsers\rst\languages\it.py"
File: overwriteflag=0, allowskipfilesflag=2, name="ja.py"
File: wrote 3863 to "C:\Python27\Lib\site-packages\docutils\parsers\rst\languages\ja.py"
File: overwriteflag=0, allowskipfilesflag=2, name="lt.py"
File: wrote 3583 to "C:\Python27\Lib\site-packages\docutils\parsers\rst\languages\lt.py"
File: overwriteflag=0, allowskipfilesflag=2, name="nl.py"
File: wrote 3708 to "C:\Python27\Lib\site-packages\docutils\parsers\rst\languages\nl.py"
File: overwriteflag=0, allowskipfilesflag=2, name="pl.py"
File: wrote 3427 to "C:\Python27\Lib\site-packages\docutils\parsers\rst\languages\pl.py"
File: overwriteflag=0, allowskipfilesflag=2, name="pt_br.py"
File: wrote 3992 to "C:\Python27\Lib\site-packages\docutils\parsers\rst\languages\pt_br.py"
File: overwriteflag=0, allowskipfilesflag=2, name="ru.py"
File: wrote 3306 to "C:\Python27\Lib\site-packages\docutils\parsers\rst\languages\ru.py"
File: overwriteflag=0, allowskipfilesflag=2, name="sk.py"
File: wrote 3979 to "C:\Python27\Lib\site-packages\docutils\parsers\rst\languages\sk.py"
File: overwriteflag=0, allowskipfilesflag=2, name="sv.py"
File: wrote 4166 to "C:\Python27\Lib\site-packages\docutils\parsers\rst\languages\sv.py"
File: overwriteflag=0, allowskipfilesflag=2, name="zh_cn.py"
File: wrote 4007 to "C:\Python27\Lib\site-packages\docutils\parsers\rst\languages\zh_cn.py"
File: overwriteflag=0, allowskipfilesflag=2, name="zh_tw.py"
File: wrote 5172 to "C:\Python27\Lib\site-packages\docutils\parsers\rst\languages\zh_tw.py"
CreateDirectory: "C:\Python27\Lib\site-packages\docutils\readers" (1)
CreateDirectory: "C:\Python27\Lib\site-packages\docutils\readers" created
File: overwriteflag=0, allowskipfilesflag=2, name="__init__.py"
File: wrote 3467 to "C:\Python27\Lib\site-packages\docutils\readers\__init__.py"
File: overwriteflag=0, allowskipfilesflag=2, name="doctree.py"
File: wrote 1607 to "C:\Python27\Lib\site-packages\docutils\readers\doctree.py"
File: overwriteflag=0, allowskipfilesflag=2, name="pep.py"
File: wrote 1555 to "C:\Python27\Lib\site-packages\docutils\readers\pep.py"
File: overwriteflag=0, allowskipfilesflag=2, name="standalone.py"
File: wrote 2340 to "C:\Python27\Lib\site-packages\docutils\readers\standalone.py"
CreateDirectory: "C:\Python27\Lib\site-packages\docutils\transforms" (1)
CreateDirectory: "C:\Python27\Lib\site-packages\docutils\transforms" created
File: overwriteflag=0, allowskipfilesflag=2, name="__init__.py"
File: wrote 6505 to "C:\Python27\Lib\site-packages\docutils\transforms\__init__.py"
File: overwriteflag=0, allowskipfilesflag=2, name="components.py"
File: wrote 1993 to "C:\Python27\Lib\site-packages\docutils\transforms\components.py"
File: overwriteflag=0, allowskipfilesflag=2, name="frontmatter.py"
File: wrote 18879 to "C:\Python27\Lib\site-packages\docutils\transforms\frontmatter.py"
File: overwriteflag=0, allowskipfilesflag=2, name="misc.py"
File: wrote 4882 to "C:\Python27\Lib\site-packages\docutils\transforms\misc.py"
File: overwriteflag=0, allowskipfilesflag=2, name="parts.py"
File: wrote 6980 to "C:\Python27\Lib\site-packages\docutils\transforms\parts.py"
File: overwriteflag=0, allowskipfilesflag=2, name="peps.py"
File: wrote 11065 to "C:\Python27\Lib\site-packages\docutils\transforms\peps.py"
File: overwriteflag=0, allowskipfilesflag=2, name="references.py"
File: wrote 36093 to "C:\Python27\Lib\site-packages\docutils\transforms\references.py"
File: overwriteflag=0, allowskipfilesflag=2, name="universal.py"
File: wrote 10346 to "C:\Python27\Lib\site-packages\docutils\transforms\universal.py"
File: overwriteflag=0, allowskipfilesflag=2, name="writer_aux.py"
File: wrote 2609 to "C:\Python27\Lib\site-packages\docutils\transforms\writer_aux.py"
CreateDirectory: "C:\Python27\Lib\site-packages\docutils\utils" (1)
CreateDirectory: "C:\Python27\Lib\site-packages\docutils\utils" created
File: overwriteflag=0, allowskipfilesflag=2, name="__init__.py"
File: wrote 26842 to "C:\Python27\Lib\site-packages\docutils\utils\__init__.py"
File: overwriteflag=0, allowskipfilesflag=2, name="code_analyzer.py"
File: wrote 4871 to "C:\Python27\Lib\site-packages\docutils\utils\code_analyzer.py"
File: overwriteflag=0, allowskipfilesflag=2, name="error_reporting.py"
File: wrote 7764 to "C:\Python27\Lib\site-packages\docutils\utils\error_reporting.py"
File: overwriteflag=0, allowskipfilesflag=2, name="punctuation_chars.py"
File: wrote 9398 to "C:\Python27\Lib\site-packages\docutils\utils\punctuation_chars.py"
File: overwriteflag=0, allowskipfilesflag=2, name="roman.py"
File: wrote 2687 to "C:\Python27\Lib\site-packages\docutils\utils\roman.py"
File: overwriteflag=0, allowskipfilesflag=2, name="smartquotes.py"
File: wrote 32983 to "C:\Python27\Lib\site-packages\docutils\utils\smartquotes.py"
File: overwriteflag=0, allowskipfilesflag=2, name="urischemes.py"
File: wrote 6275 to "C:\Python27\Lib\site-packages\docutils\utils\urischemes.py"
CreateDirectory: "C:\Python27\Lib\site-packages\docutils\utils\math" (1)
CreateDirectory: "C:\Python27\Lib\site-packages\docutils\utils\math" created
File: overwriteflag=0, allowskipfilesflag=2, name="__init__.py"
File: wrote 1683 to "C:\Python27\Lib\site-packages\docutils\utils\math\__init__.py"
File: overwriteflag=0, allowskipfilesflag=2, name="latex2mathml.py"
File: wrote 17212 to "C:\Python27\Lib\site-packages\docutils\utils\math\latex2mathml.py"
File: overwriteflag=0, allowskipfilesflag=2, name="math2html.py"
File: wrote 174454 to "C:\Python27\Lib\site-packages\docutils\utils\math\math2html.py"
File: overwriteflag=0, allowskipfilesflag=2, name="tex2unichar.py"
File: wrote 35108 to "C:\Python27\Lib\site-packages\docutils\utils\math\tex2unichar.py"
File: overwriteflag=0, allowskipfilesflag=2, name="unichar2tex.py"
File: wrote 17590 to "C:\Python27\Lib\site-packages\docutils\utils\math\unichar2tex.py"
CreateDirectory: "C:\Python27\Lib\site-packages\docutils\writers" (1)
CreateDirectory: "C:\Python27\Lib\site-packages\docutils\writers" created
File: overwriteflag=0, allowskipfilesflag=2, name="__init__.py"
File: wrote 4486 to "C:\Python27\Lib\site-packages\docutils\writers\__init__.py"
File: overwriteflag=0, allowskipfilesflag=2, name="docutils_xml.py"
File: wrote 6981 to "C:\Python27\Lib\site-packages\docutils\writers\docutils_xml.py"
File: overwriteflag=0, allowskipfilesflag=2, name="manpage.py"
File: wrote 35646 to "C:\Python27\Lib\site-packages\docutils\writers\manpage.py"
File: overwriteflag=0, allowskipfilesflag=2, name="null.py"
File: wrote 450 to "C:\Python27\Lib\site-packages\docutils\writers\null.py"
File: overwriteflag=0, allowskipfilesflag=2, name="pseudoxml.py"
File: wrote 772 to "C:\Python27\Lib\site-packages\docutils\writers\pseudoxml.py"
CreateDirectory: "C:\Python27\Lib\site-packages\docutils\writers\html4css1" (1)
CreateDirectory: "C:\Python27\Lib\site-packages\docutils\writers\html4css1" created
File: overwriteflag=0, allowskipfilesflag=2, name="__init__.py"
File: wrote 66843 to "C:\Python27\Lib\site-packages\docutils\writers\html4css1\__init__.py"
File: overwriteflag=0, allowskipfilesflag=2, name="html4css1.css"
File: wrote 6559 to "C:\Python27\Lib\site-packages\docutils\writers\html4css1\html4css1.css"
File: overwriteflag=0, allowskipfilesflag=2, name="math.css"
File: wrote 4720 to "C:\Python27\Lib\site-packages\docutils\writers\html4css1\math.css"
File: overwriteflag=0, allowskipfilesflag=2, name="template.txt"
File: wrote 114 to "C:\Python27\Lib\site-packages\docutils\writers\html4css1\template.txt"
CreateDirectory: "C:\Python27\Lib\site-packages\docutils\writers\latex2e" (1)
CreateDirectory: "C:\Python27\Lib\site-packages\docutils\writers\latex2e" created
File: overwriteflag=0, allowskipfilesflag=2, name="__init__.py"
File: wrote 122198 to "C:\Python27\Lib\site-packages\docutils\writers\latex2e\__init__.py"
File: overwriteflag=0, allowskipfilesflag=2, name="default.tex"
File: wrote 476 to "C:\Python27\Lib\site-packages\docutils\writers\latex2e\default.tex"
File: overwriteflag=0, allowskipfilesflag=2, name="titlepage.tex"
File: wrote 534 to "C:\Python27\Lib\site-packages\docutils\writers\latex2e\titlepage.tex"
File: overwriteflag=0, allowskipfilesflag=2, name="xelatex.tex"
File: wrote 517 to "C:\Python27\Lib\site-packages\docutils\writers\latex2e\xelatex.tex"
CreateDirectory: "C:\Python27\Lib\site-packages\docutils\writers\odf_odt" (1)
CreateDirectory: "C:\Python27\Lib\site-packages\docutils\writers\odf_odt" created
File: overwriteflag=0, allowskipfilesflag=2, name="__init__.py"
File: wrote 125365 to "C:\Python27\Lib\site-packages\docutils\writers\odf_odt\__init__.py"
File: overwriteflag=0, allowskipfilesflag=2, name="pygmentsformatter.py"
File: wrote 4671 to "C:\Python27\Lib\site-packages\docutils\writers\odf_odt\pygmentsformatter.py"
File: overwriteflag=0, allowskipfilesflag=2, name="styles.odt"
File: wrote 16500 to "C:\Python27\Lib\site-packages\docutils\writers\odf_odt\styles.odt"
CreateDirectory: "C:\Python27\Lib\site-packages\docutils\writers\pep_html" (1)
CreateDirectory: "C:\Python27\Lib\site-packages\docutils\writers\pep_html" created
File: overwriteflag=0, allowskipfilesflag=2, name="__init__.py"
File: wrote 3583 to "C:\Python27\Lib\site-packages\docutils\writers\pep_html\__init__.py"
File: overwriteflag=0, allowskipfilesflag=2, name="pep.css"
File: wrote 6367 to "C:\Python27\Lib\site-packages\docutils\writers\pep_html\pep.css"
File: overwriteflag=0, allowskipfilesflag=2, name="template.txt"
File: wrote 1294 to "C:\Python27\Lib\site-packages\docutils\writers\pep_html\template.txt"
CreateDirectory: "C:\Python27\Lib\site-packages\docutils\writers\s5_html" (1)
CreateDirectory: "C:\Python27\Lib\site-packages\docutils\writers\s5_html" created
File: overwriteflag=0, allowskipfilesflag=2, name="__init__.py"
File: wrote 14470 to "C:\Python27\Lib\site-packages\docutils\writers\s5_html\__init__.py"
CreateDirectory: "C:\Python27\Lib\site-packages\docutils\writers\s5_html\themes" (1)
CreateDirectory: "C:\Python27\Lib\site-packages\docutils\writers\s5_html\themes" created
File: overwriteflag=0, allowskipfilesflag=2, name="README.txt"
File: wrote 301 to "C:\Python27\Lib\site-packages\docutils\writers\s5_html\themes\README.txt"
CreateDirectory: "C:\Python27\Lib\site-packages\docutils\writers\s5_html\themes\big-black" (1)
CreateDirectory: "C:\Python27\Lib\site-packages\docutils\writers\s5_html\themes\big-black" created
File: overwriteflag=0, allowskipfilesflag=2, name="__base__"
File: wrote 38 to "C:\Python27\Lib\site-packages\docutils\writers\s5_html\themes\big-black\__base__"
File: overwriteflag=0, allowskipfilesflag=2, name="framing.css"
File: wrote 911 to "C:\Python27\Lib\site-packages\docutils\writers\s5_html\themes\big-black\framing.css"
File: overwriteflag=0, allowskipfilesflag=2, name="pretty.css"
File: wrote 3606 to "C:\Python27\Lib\site-packages\docutils\writers\s5_html\themes\big-black\pretty.css"
CreateDirectory: "C:\Python27\Lib\site-packages\docutils\writers\s5_html\themes\big-white" (1)
CreateDirectory: "C:\Python27\Lib\site-packages\docutils\writers\s5_html\themes\big-white" created
File: overwriteflag=0, allowskipfilesflag=2, name="framing.css"
File: wrote 906 to "C:\Python27\Lib\site-packages\docutils\writers\s5_html\themes\big-white\framing.css"
File: overwriteflag=0, allowskipfilesflag=2, name="pretty.css"
File: wrote 3566 to "C:\Python27\Lib\site-packages\docutils\writers\s5_html\themes\big-white\pretty.css"
CreateDirectory: "C:\Python27\Lib\site-packages\docutils\writers\s5_html\themes\default" (1)
CreateDirectory: "C:\Python27\Lib\site-packages\docutils\writers\s5_html\themes\default" created
File: overwriteflag=0, allowskipfilesflag=2, name="blank.gif"
File: wrote 49 to "C:\Python27\Lib\site-packages\docutils\writers\s5_html\themes\default\blank.gif"
File: overwriteflag=0, allowskipfilesflag=2, name="framing.css"
File: wrote 1003 to "C:\Python27\Lib\site-packages\docutils\writers\s5_html\themes\default\framing.css"
File: overwriteflag=0, allowskipfilesflag=2, name="iepngfix.htc"
File: wrote 1190 to "C:\Python27\Lib\site-packages\docutils\writers\s5_html\themes\default\iepngfix.htc"
File: overwriteflag=0, allowskipfilesflag=2, name="opera.css"
File: wrote 261 to "C:\Python27\Lib\site-packages\docutils\writers\s5_html\themes\default\opera.css"
File: overwriteflag=0, allowskipfilesflag=2, name="outline.css"
File: wrote 648 to "C:\Python27\Lib\site-packages\docutils\writers\s5_html\themes\default\outline.css"
File: overwriteflag=0, allowskipfilesflag=2, name="pretty.css"
File: wrote 4384 to "C:\Python27\Lib\site-packages\docutils\writers\s5_html\themes\default\pretty.css"
File: overwriteflag=0, allowskipfilesflag=2, name="print.css"
File: wrote 818 to "C:\Python27\Lib\site-packages\docutils\writers\s5_html\themes\default\print.css"
File: overwriteflag=0, allowskipfilesflag=2, name="s5-core.css"
File: wrote 451 to "C:\Python27\Lib\site-packages\docutils\writers\s5_html\themes\default\s5-core.css"
File: overwriteflag=0, allowskipfilesflag=2, name="slides.css"
File: wrote 283 to "C:\Python27\Lib\site-packages\docutils\writers\s5_html\themes\default\slides.css"
File: overwriteflag=0, allowskipfilesflag=2, name="slides.js"
File: wrote 15800 to "C:\Python27\Lib\site-packages\docutils\writers\s5_html\themes\default\slides.js"
CreateDirectory: "C:\Python27\Lib\site-packages\docutils\writers\s5_html\themes\medium-black" (1)
CreateDirectory: "C:\Python27\Lib\site-packages\docutils\writers\s5_html\themes\medium-black" created
File: overwriteflag=0, allowskipfilesflag=2, name="__base__"
File: wrote 41 to "C:\Python27\Lib\site-packages\docutils\writers\s5_html\themes\medium-black\__base__"
File: overwriteflag=0, allowskipfilesflag=2, name="pretty.css"
File: wrote 4031 to "C:\Python27\Lib\site-packages\docutils\writers\s5_html\themes\medium-black\pretty.css"
CreateDirectory: "C:\Python27\Lib\site-packages\docutils\writers\s5_html\themes\medium-white" (1)
CreateDirectory: "C:\Python27\Lib\site-packages\docutils\writers\s5_html\themes\medium-white" created
File: overwriteflag=0, allowskipfilesflag=2, name="framing.css"
File: wrote 944 to "C:\Python27\Lib\site-packages\docutils\writers\s5_html\themes\medium-white\framing.css"
File: overwriteflag=0, allowskipfilesflag=2, name="pretty.css"
File: wrote 3991 to "C:\Python27\Lib\site-packages\docutils\writers\s5_html\themes\medium-white\pretty.css"
CreateDirectory: "C:\Python27\Lib\site-packages\docutils\writers\s5_html\themes\small-black" (1)
CreateDirectory: "C:\Python27\Lib\site-packages\docutils\writers\s5_html\themes\small-black" created
File: overwriteflag=0, allowskipfilesflag=2, name="__base__"
File: wrote 40 to "C:\Python27\Lib\site-packages\docutils\writers\s5_html\themes\small-black\__base__"
File: overwriteflag=0, allowskipfilesflag=2, name="pretty.css"
File: wrote 4030 to "C:\Python27\Lib\site-packages\docutils\writers\s5_html\themes\small-black\pretty.css"
CreateDirectory: "C:\Python27\Lib\site-packages\docutils\writers\s5_html\themes\small-white" (1)
CreateDirectory: "C:\Python27\Lib\site-packages\docutils\writers\s5_html\themes\small-white" created
File: overwriteflag=0, allowskipfilesflag=2, name="framing.css"
File: wrote 941 to "C:\Python27\Lib\site-packages\docutils\writers\s5_html\themes\small-white\framing.css"
File: overwriteflag=0, allowskipfilesflag=2, name="pretty.css"
File: wrote 4001 to "C:\Python27\Lib\site-packages\docutils\writers\s5_html\themes\small-white\pretty.css"
CreateDirectory: "C:\Python27\Lib\site-packages\docutils\writers\xetex" (1)
CreateDirectory: "C:\Python27\Lib\site-packages\docutils\writers\xetex" created
File: overwriteflag=0, allowskipfilesflag=2, name="__init__.py"
File: wrote 5207 to "C:\Python27\Lib\site-packages\docutils\writers\xetex\__init__.py"
CreateDirectory: "C:\Python27\Lib\site-packages" (1)
CreateDirectory: "C:\Python27\Lib\site-packages" (1)
CreateDirectory: "C:\Python27\Scripts" (1)
File: overwriteflag=0, allowskipfilesflag=2, name="rst2html.py"
File: wrote 611 to "C:\Python27\Scripts\rst2html.py"
File: overwriteflag=0, allowskipfilesflag=2, name="rst2latex.py"
File: wrote 811 to "C:\Python27\Scripts\rst2latex.py"
File: overwriteflag=0, allowskipfilesflag=2, name="rst2man.py"
File: wrote 620 to "C:\Python27\Scripts\rst2man.py"
File: overwriteflag=0, allowskipfilesflag=2, name="rst2newlatex.py"
File: wrote 746 to "C:\Python27\Scripts\rst2newlatex.py"
File: overwriteflag=0, allowskipfilesflag=2, name="rst2odt.py"
File: wrote 788 to "C:\Python27\Scripts\rst2odt.py"
File: overwriteflag=0, allowskipfilesflag=2, name="rst2odt_prepstyles.py"
File: wrote 1759 to "C:\Python27\Scripts\rst2odt_prepstyles.py"
File: overwriteflag=0, allowskipfilesflag=2, name="rst2pseudoxml.py"
File: wrote 618 to "C:\Python27\Scripts\rst2pseudoxml.py"
File: overwriteflag=0, allowskipfilesflag=2, name="rst2s5.py"
File: wrote 655 to "C:\Python27\Scripts\rst2s5.py"
File: overwriteflag=0, allowskipfilesflag=2, name="rst2xetex.py"
File: wrote 806 to "C:\Python27\Scripts\rst2xetex.py"
File: overwriteflag=0, allowskipfilesflag=2, name="rst2xml.py"
File: wrote 619 to "C:\Python27\Scripts\rst2xml.py"
File: overwriteflag=0, allowskipfilesflag=2, name="rstpep2html.py"
File: wrote 689 to "C:\Python27\Scripts\rstpep2html.py"
CreateDirectory: "C:\Python27\Scripts" (1)
CreateDirectory: "C:\Python27\DLLs" (1)
CreateDirectory: "C:\Python27\DLLs" (1)
CreateDirectory: "C:\Python27" (1)
CreateDirectory: "C:\Python27" (1)
CreateDirectory: "C:\Program Files (x86)\pythonxy\doc\Libraries\docutils" (1)
CreateDirectory: "C:\Program Files (x86)\pythonxy\doc\Libraries\docutils" created
File: overwriteflag=0, allowskipfilesflag=2, name="BUGS.html"
File: wrote 20734 to "C:\Program Files (x86)\pythonxy\doc\Libraries\docutils\BUGS.html"
File: overwriteflag=0, allowskipfilesflag=2, name="COPYING.html"
File: wrote 15693 to "C:\Program Files (x86)\pythonxy\doc\Libraries\docutils\COPYING.html"
File: overwriteflag=0, allowskipfilesflag=2, name="Docutils Documentation Utilities.url"
File: wrote 121 to "C:\Program Files (x86)\pythonxy\doc\Libraries\docutils\Docutils Documentation Utilities.url"
File: overwriteflag=0, allowskipfilesflag=2, name="FAQ.html"
File: wrote 76461 to "C:\Program Files (x86)\pythonxy\doc\Libraries\docutils\FAQ.html"
File: overwriteflag=0, allowskipfilesflag=2, name="HISTORY.html"
File: wrote 158849 to "C:\Program Files (x86)\pythonxy\doc\Libraries\docutils\HISTORY.html"
File: overwriteflag=0, allowskipfilesflag=2, name="README.html"
File: wrote 26111 to "C:\Program Files (x86)\pythonxy\doc\Libraries\docutils\README.html"
File: overwriteflag=0, allowskipfilesflag=2, name="RELEASE-NOTES.html"
File: wrote 30657 to "C:\Program Files (x86)\pythonxy\doc\Libraries\docutils\RELEASE-NOTES.html"
File: overwriteflag=0, allowskipfilesflag=2, name="THANKS.html"
File: wrote 12569 to "C:\Program Files (x86)\pythonxy\doc\Libraries\docutils\THANKS.html"
CreateDirectory: "C:\Program Files (x86)\pythonxy\doc\Libraries\docutils\docs" (1)
CreateDirectory: "C:\Program Files (x86)\pythonxy\doc\Libraries\docutils\docs" created
File: overwriteflag=0, allowskipfilesflag=2, name="index.html"
File: wrote 23076 to "C:\Program Files (x86)\pythonxy\doc\Libraries\docutils\docs\index.html"
File: overwriteflag=0, allowskipfilesflag=2, name="index.txt"
File: wrote 8266 to "C:\Program Files (x86)\pythonxy\doc\Libraries\docutils\docs\index.txt"
CreateDirectory: "C:\Program Files (x86)\pythonxy\doc\Libraries\docutils\docs\api" (1)
CreateDirectory: "C:\Program Files (x86)\pythonxy\doc\Libraries\docutils\docs\api" created
File: overwriteflag=0, allowskipfilesflag=2, name="cmdline-tool.html"
File: wrote 10883 to "C:\Program Files (x86)\pythonxy\doc\Libraries\docutils\docs\api\cmdline-tool.html"
File: overwriteflag=0, allowskipfilesflag=2, name="cmdline-tool.txt"
File: wrote 2326 to "C:\Program Files (x86)\pythonxy\doc\Libraries\docutils\docs\api\cmdline-tool.txt"
File: overwriteflag=0, allowskipfilesflag=2, name="publisher.html"
File: wrote 28329 to "C:\Program Files (x86)\pythonxy\doc\Libraries\docutils\docs\api\publisher.html"
File: overwriteflag=0, allowskipfilesflag=2, name="publisher.txt"
File: wrote 10583 to "C:\Program Files (x86)\pythonxy\doc\Libraries\docutils\docs\api\publisher.txt"
File: overwriteflag=0, allowskipfilesflag=2, name="runtime-settings.html"
File: wrote 21392 to "C:\Program Files (x86)\pythonxy\doc\Libraries\docutils\docs\api\runtime-settings.html"
File: overwriteflag=0, allowskipfilesflag=2, name="runtime-settings.txt"
File: wrote 8185 to "C:\Program Files (x86)\pythonxy\doc\Libraries\docutils\docs\api\runtime-settings.txt"
CreateDirectory: "C:\Program Files (x86)\pythonxy\doc\Libraries\docutils\docs\dev" (1)
CreateDirectory: "C:\Program Files (x86)\pythonxy\doc\Libraries\docutils\docs\dev" created
File: overwriteflag=0, allowskipfilesflag=2, name="distributing.html"
File: wrote 15365 to "C:\Program Files (x86)\pythonxy\doc\Libraries\docutils\docs\dev\distributing.html"
File: overwriteflag=0, allowskipfilesflag=2, name="distributing.txt"
File: wrote 4047 to "C:\Program Files (x86)\pythonxy\doc\Libraries\docutils\docs\dev\distributing.txt"
File: overwriteflag=0, allowskipfilesflag=2, name="enthought-plan.html"
File: wrote 30393 to "C:\Program Files (x86)\pythonxy\doc\Libraries\docutils\docs\dev\enthought-plan.html"
File: overwriteflag=0, allowskipfilesflag=2, name="enthought-plan.txt"
File: wrote 17004 to "C:\Program Files (x86)\pythonxy\doc\Libraries\docutils\docs\dev\enthought-plan.txt"
File: overwriteflag=0, allowskipfilesflag=2, name="enthought-rfp.html"
File: wrote 14604 to "C:\Program Files (x86)\pythonxy\doc\Libraries\docutils\docs\dev\enthought-rfp.html"
File: overwriteflag=0, allowskipfilesflag=2, name="enthought-rfp.txt"
File: wrote 4522 to "C:\Program Files (x86)\pythonxy\doc\Libraries\docutils\docs\dev\enthought-rfp.txt"
File: overwriteflag=0, allowskipfilesflag=2, name="hacking.html"
File: wrote 21898 to "C:\Program Files (x86)\pythonxy\doc\Libraries\docutils\docs\dev\hacking.html"
File: overwriteflag=0, allowskipfilesflag=2, name="hacking.txt"
File: wrote 9217 to "C:\Program Files (x86)\pythonxy\doc\Libraries\docutils\docs\dev\hacking.txt"
File: overwriteflag=0, allowskipfilesflag=2, name="policies.html"
File: wrote 42412 to "C:\Program Files (x86)\pythonxy\doc\Libraries\docutils\docs\dev\policies.html"
File: overwriteflag=0, allowskipfilesflag=2, name="policies.txt"
File: wrote 24729 to "C:\Program Files (x86)\pythonxy\doc\Libraries\docutils\docs\dev\policies.txt"
File: overwriteflag=0, allowskipfilesflag=2, name="pysource.dtd"
File: wrote 7384 to "C:\Program Files (x86)\pythonxy\doc\Libraries\docutils\docs\dev\pysource.dtd"
File: overwriteflag=0, allowskipfilesflag=2, name="pysource.html"
File: wrote 14213 to "C:\Program Files (x86)\pythonxy\doc\Libraries\docutils\docs\dev\pysource.html"
File: overwriteflag=0, allowskipfilesflag=2, name="pysource.txt"
File: wrote 4432 to "C:\Program Files (x86)\pythonxy\doc\Libraries\docutils\docs\dev\pysource.txt"
File: overwriteflag=0, allowskipfilesflag=2, name="release.html"
File: wrote 17401 to "C:\Program Files (x86)\pythonxy\doc\Libraries\docutils\docs\dev\release.html"
File: overwriteflag=0, allowskipfilesflag=2, name="release.txt"
File: wrote 6131 to "C:\Program Files (x86)\pythonxy\doc\Libraries\docutils\docs\dev\release.txt"
File: overwriteflag=0, allowskipfilesflag=2, name="repository.html"
File: wrote 18180 to "C:\Program Files (x86)\pythonxy\doc\Libraries\docutils\docs\dev\repository.html"
File: overwriteflag=0, allowskipfilesflag=2, name="repository.txt"
File: wrote 6160 to "C:\Program Files (x86)\pythonxy\doc\Libraries\docutils\docs\dev\repository.txt"
File: overwriteflag=0, allowskipfilesflag=2, name="semantics.html"
File: wrote 13280 to "C:\Program Files (x86)\pythonxy\doc\Libraries\docutils\docs\dev\semantics.html"
File: overwriteflag=0, allowskipfilesflag=2, name="semantics.txt"
File: wrote 4563 to "C:\Program Files (x86)\pythonxy\doc\Libraries\docutils\docs\dev\semantics.txt"
File: overwriteflag=0, allowskipfilesflag=2, name="testing.html"
File: wrote 19483 to "C:\Program Files (x86)\pythonxy\doc\Libraries\docutils\docs\dev\testing.html"
File: overwriteflag=0, allowskipfilesflag=2, name="testing.txt"
File: wrote 7868 to "C:\Program Files (x86)\pythonxy\doc\Libraries\docutils\docs\dev\testing.txt"
File: overwriteflag=0, allowskipfilesflag=2, name="todo.html"
File: wrote 139306 to "C:\Program Files (x86)\pythonxy\doc\Libraries\docutils\docs\dev\todo.html"
File: overwriteflag=0, allowskipfilesflag=2, name="todo.txt"
File: wrote 93599 to "C:\Program Files (x86)\pythonxy\doc\Libraries\docutils\docs\dev\todo.txt"
File: overwriteflag=0, allowskipfilesflag=2, name="website.html"
File: wrote 12317 to "C:\Program Files (x86)\pythonxy\doc\Libraries\docutils\docs\dev\website.html"
File: overwriteflag=0, allowskipfilesflag=2, name="website.txt"
File: wrote 3315 to "C:\Program Files (x86)\pythonxy\doc\Libraries\docutils\docs\dev\website.txt"
CreateDirectory: "C:\Program Files (x86)\pythonxy\doc\Libraries\docutils\docs\dev\rst" (1)
CreateDirectory: "C:\Program Files (x86)\pythonxy\doc\Libraries\docutils\docs\dev\rst" created
File: overwriteflag=0, allowskipfilesflag=2, name="alternatives.html"
File: wrote 150505 to "C:\Program Files (x86)\pythonxy\doc\Libraries\docutils\docs\dev\rst\alternatives.html"
File: overwriteflag=0, allowskipfilesflag=2, name="alternatives.txt"
File: wrote 113248 to "C:\Program Files (x86)\pythonxy\doc\Libraries\docutils\docs\dev\rst\alternatives.txt"
File: overwriteflag=0, allowskipfilesflag=2, name="problems.html"
File: wrote 51762 to "C:\Program Files (x86)\pythonxy\doc\Libraries\docutils\docs\dev\rst\problems.html"
File: overwriteflag=0, allowskipfilesflag=2, name="problems.txt"
File: wrote 35545 to "C:\Program Files (x86)\pythonxy\doc\Libraries\docutils\docs\dev\rst\problems.txt"
CreateDirectory: "C:\Program Files (x86)\pythonxy\doc\Libraries\docutils\docs\howto" (1)
CreateDirectory: "C:\Program Files (x86)\pythonxy\doc\Libraries\docutils\docs\howto" created
File: overwriteflag=0, allowskipfilesflag=2, name="html-stylesheets.html"
File: wrote 12255 to "C:\Program Files (x86)\pythonxy\doc\Libraries\docutils\docs\howto\html-stylesheets.html"
File: overwriteflag=0, allowskipfilesflag=2, name="html-stylesheets.txt"
File: wrote 3339 to "C:\Program Files (x86)\pythonxy\doc\Libraries\docutils\docs\howto\html-stylesheets.txt"
File: overwriteflag=0, allowskipfilesflag=2, name="i18n.html"
File: wrote 19630 to "C:\Program Files (x86)\pythonxy\doc\Libraries\docutils\docs\howto\i18n.html"
File: overwriteflag=0, allowskipfilesflag=2, name="i18n.txt"
File: wrote 7450 to "C:\Program Files (x86)\pythonxy\doc\Libraries\docutils\docs\howto\i18n.txt"
File: overwriteflag=0, allowskipfilesflag=2, name="rst-directives.html"
File: wrote 29062 to "C:\Program Files (x86)\pythonxy\doc\Libraries\docutils\docs\howto\rst-directives.html"
File: overwriteflag=0, allowskipfilesflag=2, name="rst-directives.txt"
File: wrote 16394 to "C:\Program Files (x86)\pythonxy\doc\Libraries\docutils\docs\howto\rst-directives.txt"
File: overwriteflag=0, allowskipfilesflag=2, name="rst-roles.html"
File: wrote 20021 to "C:\Program Files (x86)\pythonxy\doc\Libraries\docutils\docs\howto\rst-roles.html"
File: overwriteflag=0, allowskipfilesflag=2, name="rst-roles.txt"
File: wrote 8682 to "C:\Program Files (x86)\pythonxy\doc\Libraries\docutils\docs\howto\rst-roles.txt"
File: overwriteflag=0, allowskipfilesflag=2, name="security.html"
File: wrote 17161 to "C:\Program Files (x86)\pythonxy\doc\Libraries\docutils\docs\howto\security.html"
File: overwriteflag=0, allowskipfilesflag=2, name="security.txt"
File: wrote 5830 to "C:\Program Files (x86)\pythonxy\doc\Libraries\docutils\docs\howto\security.txt"
CreateDirectory: "C:\Program Files (x86)\pythonxy\doc\Libraries\docutils\docs\peps" (1)
CreateDirectory: "C:\Program Files (x86)\pythonxy\doc\Libraries\docutils\docs\peps" created
File: overwriteflag=0, allowskipfilesflag=2, name="pep-0256.html"
File: wrote 31330 to "C:\Program Files (x86)\pythonxy\doc\Libraries\docutils\docs\peps\pep-0256.html"
File: overwriteflag=0, allowskipfilesflag=2, name="pep-0256.txt"
File: wrote 10405 to "C:\Program Files (x86)\pythonxy\doc\Libraries\docutils\docs\peps\pep-0256.txt"
File: overwriteflag=0, allowskipfilesflag=2, name="pep-0257.html"
File: wrote 27626 to "C:\Program Files (x86)\pythonxy\doc\Libraries\docutils\docs\peps\pep-0257.html"
File: overwriteflag=0, allowskipfilesflag=2, name="pep-0257.txt"
File: wrote 11738 to "C:\Program Files (x86)\pythonxy\doc\Libraries\docutils\docs\peps\pep-0257.txt"
File: overwriteflag=0, allowskipfilesflag=2, name="pep-0258.html"
File: wrote 64957 to "C:\Program Files (x86)\pythonxy\doc\Libraries\docutils\docs\peps\pep-0258.html"
File: overwriteflag=0, allowskipfilesflag=2, name="pep-0258.txt"
File: wrote 36245 to "C:\Program Files (x86)\pythonxy\doc\Libraries\docutils\docs\peps\pep-0258.txt"
File: overwriteflag=0, allowskipfilesflag=2, name="pep-0287.html"
File: wrote 59683 to "C:\Program Files (x86)\pythonxy\doc\Libraries\docutils\docs\peps\pep-0287.html"
File: overwriteflag=0, allowskipfilesflag=2, name="pep-0287.txt"
File: wrote 32597 to "C:\Program Files (x86)\pythonxy\doc\Libraries\docutils\docs\peps\pep-0287.txt"
CreateDirectory: "C:\Program Files (x86)\pythonxy\doc\Libraries\docutils\docs\ref" (1)
CreateDirectory: "C:\Program Files (x86)\pythonxy\doc\Libraries\docutils\docs\ref" created
File: overwriteflag=0, allowskipfilesflag=2, name="doctree.html"
File: wrote 318988 to "C:\Program Files (x86)\pythonxy\doc\Libraries\docutils\docs\ref\doctree.html"
File: overwriteflag=0, allowskipfilesflag=2, name="doctree.txt"
File: wrote 117425 to "C:\Program Files (x86)\pythonxy\doc\Libraries\docutils\docs\ref\doctree.txt"
File: overwriteflag=0, allowskipfilesflag=2, name="docutils.dtd"
File: wrote 16727 to "C:\Program Files (x86)\pythonxy\doc\Libraries\docutils\docs\ref\docutils.dtd"
File: overwriteflag=0, allowskipfilesflag=2, name="soextblx.dtd"
File: wrote 12744 to "C:\Program Files (x86)\pythonxy\doc\Libraries\docutils\docs\ref\soextblx.dtd"
File: overwriteflag=0, allowskipfilesflag=2, name="transforms.html"
File: wrote 17622 to "C:\Program Files (x86)\pythonxy\doc\Libraries\docutils\docs\ref\transforms.html"
File: overwriteflag=0, allowskipfilesflag=2, name="transforms.txt"
File: wrote 6387 to "C:\Program Files (x86)\pythonxy\doc\Libraries\docutils\docs\ref\transforms.txt"
CreateDirectory: "C:\Program Files (x86)\pythonxy\doc\Libraries\docutils\docs\ref\rst" (1)
CreateDirectory: "C:\Program Files (x86)\pythonxy\doc\Libraries\docutils\docs\ref\rst" created
File: overwriteflag=0, allowskipfilesflag=2, name="definitions.html"
File: wrote 19055 to "C:\Program Files (x86)\pythonxy\doc\Libraries\docutils\docs\ref\rst\definitions.html"
File: overwriteflag=0, allowskipfilesflag=2, name="definitions.txt"
File: wrote 7668 to "C:\Program Files (x86)\pythonxy\doc\Libraries\docutils\docs\ref\rst\definitions.txt"
File: overwriteflag=0, allowskipfilesflag=2, name="directives.html"
File: wrote 126416 to "C:\Program Files (x86)\pythonxy\doc\Libraries\docutils\docs\ref\rst\directives.html"
File: overwriteflag=0, allowskipfilesflag=2, name="directives.txt"
File: wrote 59229 to "C:\Program Files (x86)\pythonxy\doc\Libraries\docutils\docs\ref\rst\directives.txt"
File: overwriteflag=0, allowskipfilesflag=2, name="introduction.html"
File: wrote 25875 to "C:\Program Files (x86)\pythonxy\doc\Libraries\docutils\docs\ref\rst\introduction.html"
File: overwriteflag=0, allowskipfilesflag=2, name="introduction.txt"
File: wrote 14089 to "C:\Program Files (x86)\pythonxy\doc\Libraries\docutils\docs\ref\rst\introduction.txt"
File: overwriteflag=0, allowskipfilesflag=2, name="restructuredtext.html"
File: wrote 152543 to "C:\Program Files (x86)\pythonxy\doc\Libraries\docutils\docs\ref\rst\restructuredtext.html"
File: overwriteflag=0, allowskipfilesflag=2, name="restructuredtext.txt"
File: wrote 106880 to "C:\Program Files (x86)\pythonxy\doc\Libraries\docutils\docs\ref\rst\restructuredtext.txt"
File: overwriteflag=0, allowskipfilesflag=2, name="roles.html"
File: wrote 33547 to "C:\Program Files (x86)\pythonxy\doc\Libraries\docutils\docs\ref\rst\roles.html"
File: overwriteflag=0, allowskipfilesflag=2, name="roles.txt"
File: wrote 10217 to "C:\Program Files (x86)\pythonxy\doc\Libraries\docutils\docs\ref\rst\roles.txt"
CreateDirectory: "C:\Program Files (x86)\pythonxy\doc\Libraries\docutils\docs\user" (1)
CreateDirectory: "C:\Program Files (x86)\pythonxy\doc\Libraries\docutils\docs\user" created
File: overwriteflag=0, allowskipfilesflag=2, name="Makefile.docutils-update"
File: wrote 224 to "C:\Program Files (x86)\pythonxy\doc\Libraries\docutils\docs\user\Makefile.docutils-update"
File: overwriteflag=0, allowskipfilesflag=2, name="config.html"
File: wrote 98173 to "C:\Program Files (x86)\pythonxy\doc\Libraries\docutils\docs\user\config.html"
File: overwriteflag=0, allowskipfilesflag=2, name="config.txt"
File: wrote 52135 to "C:\Program Files (x86)\pythonxy\doc\Libraries\docutils\docs\user\config.txt"
File: overwriteflag=0, allowskipfilesflag=2, name="docutils-05-compat.sty.html"
File: wrote 45568 to "C:\Program Files (x86)\pythonxy\doc\Libraries\docutils\docs\user\docutils-05-compat.sty.html"
File: overwriteflag=0, allowskipfilesflag=2, name="docutils-05-compat.sty.txt"
File: wrote 21536 to "C:\Program Files (x86)\pythonxy\doc\Libraries\docutils\docs\user\docutils-05-compat.sty.txt"
File: overwriteflag=0, allowskipfilesflag=2, name="emacs.html"
File: wrote 44693 to "C:\Program Files (x86)\pythonxy\doc\Libraries\docutils\docs\user\emacs.html"
File: overwriteflag=0, allowskipfilesflag=2, name="emacs.txt"
File: wrote 22304 to "C:\Program Files (x86)\pythonxy\doc\Libraries\docutils\docs\user\emacs.txt"
File: overwriteflag=0, allowskipfilesflag=2, name="latex.html"
File: wrote 117855 to "C:\Program Files (x86)\pythonxy\doc\Libraries\docutils\docs\user\latex.html"
File: overwriteflag=0, allowskipfilesflag=2, name="latex.txt"
File: wrote 57843 to "C:\Program Files (x86)\pythonxy\doc\Libraries\docutils\docs\user\latex.txt"
File: overwriteflag=0, allowskipfilesflag=2, name="links.html"
File: wrote 26434 to "C:\Program Files (x86)\pythonxy\doc\Libraries\docutils\docs\user\links.html"
File: overwriteflag=0, allowskipfilesflag=2, name="links.txt"
File: wrote 12799 to "C:\Program Files (x86)\pythonxy\doc\Libraries\docutils\docs\user\links.txt"
File: overwriteflag=0, allowskipfilesflag=2, name="mailing-lists.html"
File: wrote 14647 to "C:\Program Files (x86)\pythonxy\doc\Libraries\docutils\docs\user\mailing-lists.html"
File: overwriteflag=0, allowskipfilesflag=2, name="mailing-lists.txt"
File: wrote 5487 to "C:\Program Files (x86)\pythonxy\doc\Libraries\docutils\docs\user\mailing-lists.txt"
File: overwriteflag=0, allowskipfilesflag=2, name="manpage.html"
File: wrote 15097 to "C:\Program Files (x86)\pythonxy\doc\Libraries\docutils\docs\user\manpage.html"
File: overwriteflag=0, allowskipfilesflag=2, name="manpage.txt"
File: wrote 5112 to "C:\Program Files (x86)\pythonxy\doc\Libraries\docutils\docs\user\manpage.txt"
File: overwriteflag=0, allowskipfilesflag=2, name="odt.html"
File: wrote 69463 to "C:\Program Files (x86)\pythonxy\doc\Libraries\docutils\docs\user\odt.html"
File: overwriteflag=0, allowskipfilesflag=2, name="odt.txt"
File: wrote 38383 to "C:\Program Files (x86)\pythonxy\doc\Libraries\docutils\docs\user\odt.txt"
File: overwriteflag=0, allowskipfilesflag=2, name="slide-shows.html"
File: wrote 54597 to "C:\Program Files (x86)\pythonxy\doc\Libraries\docutils\docs\user\slide-shows.html"
File: overwriteflag=0, allowskipfilesflag=2, name="slide-shows.txt"
File: wrote 25328 to "C:\Program Files (x86)\pythonxy\doc\Libraries\docutils\docs\user\slide-shows.txt"
File: overwriteflag=0, allowskipfilesflag=2, name="tools.html"
File: wrote 35433 to "C:\Program Files (x86)\pythonxy\doc\Libraries\docutils\docs\user\tools.html"
File: overwriteflag=0, allowskipfilesflag=2, name="tools.txt"
File: wrote 12450 to "C:\Program Files (x86)\pythonxy\doc\Libraries\docutils\docs\user\tools.txt"
CreateDirectory: "C:\Program Files (x86)\pythonxy\doc\Libraries\docutils\docs\user\images" (1)
CreateDirectory: "C:\Program Files (x86)\pythonxy\doc\Libraries\docutils\docs\user\images" created
File: overwriteflag=0, allowskipfilesflag=2, name="big-black.png"
File: wrote 19823 to "C:\Program Files (x86)\pythonxy\doc\Libraries\docutils\docs\user\images\big-black.png"
File: overwriteflag=0, allowskipfilesflag=2, name="big-white.png"
File: wrote 25697 to "C:\Program Files (x86)\pythonxy\doc\Libraries\docutils\docs\user\images\big-white.png"
File: overwriteflag=0, allowskipfilesflag=2, name="default.png"
File: wrote 59358 to "C:\Program Files (x86)\pythonxy\doc\Libraries\docutils\docs\user\images\default.png"
File: overwriteflag=0, allowskipfilesflag=2, name="happy_monkey.png"
File: wrote 5202 to "C:\Program Files (x86)\pythonxy\doc\Libraries\docutils\docs\user\images\happy_monkey.png"
File: overwriteflag=0, allowskipfilesflag=2, name="medium-black.png"
File: wrote 24021 to "C:\Program Files (x86)\pythonxy\doc\Libraries\docutils\docs\user\images\medium-black.png"
File: overwriteflag=0, allowskipfilesflag=2, name="medium-white.png"
File: wrote 33756 to "C:\Program Files (x86)\pythonxy\doc\Libraries\docutils\docs\user\images\medium-white.png"
File: overwriteflag=0, allowskipfilesflag=2, name="rsp-all.png"
File: wrote 32565 to "C:\Program Files (x86)\pythonxy\doc\Libraries\docutils\docs\user\images\rsp-all.png"
File: overwriteflag=0, allowskipfilesflag=2, name="rsp-breaks.png"
File: wrote 17754 to "C:\Program Files (x86)\pythonxy\doc\Libraries\docutils\docs\user\images\rsp-breaks.png"
File: overwriteflag=0, allowskipfilesflag=2, name="rsp-covers.png"
File: wrote 19080 to "C:\Program Files (x86)\pythonxy\doc\Libraries\docutils\docs\user\images\rsp-covers.png"
File: overwriteflag=0, allowskipfilesflag=2, name="rsp-cuts.png"
File: wrote 20751 to "C:\Program Files (x86)\pythonxy\doc\Libraries\docutils\docs\user\images\rsp-cuts.png"
File: overwriteflag=0, allowskipfilesflag=2, name="rsp-empty.png"
File: wrote 4900 to "C:\Program Files (x86)\pythonxy\doc\Libraries\docutils\docs\user\images\rsp-empty.png"
File: overwriteflag=0, allowskipfilesflag=2, name="rsp-objects.png"
File: wrote 21291 to "C:\Program Files (x86)\pythonxy\doc\Libraries\docutils\docs\user\images\rsp-objects.png"
File: overwriteflag=0, allowskipfilesflag=2, name="rsp.svg"
File: wrote 49418 to "C:\Program Files (x86)\pythonxy\doc\Libraries\docutils\docs\user\images\rsp.svg"
File: overwriteflag=0, allowskipfilesflag=2, name="s5-files.png"
File: wrote 25404 to "C:\Program Files (x86)\pythonxy\doc\Libraries\docutils\docs\user\images\s5-files.png"
File: overwriteflag=0, allowskipfilesflag=2, name="s5-files.svg"
File: wrote 39029 to "C:\Program Files (x86)\pythonxy\doc\Libraries\docutils\docs\user\images\s5-files.svg"
File: overwriteflag=0, allowskipfilesflag=2, name="small-black.png"
File: wrote 41144 to "C:\Program Files (x86)\pythonxy\doc\Libraries\docutils\docs\user\images\small-black.png"
File: overwriteflag=0, allowskipfilesflag=2, name="small-white.png"
File: wrote 41120 to "C:\Program Files (x86)\pythonxy\doc\Libraries\docutils\docs\user\images\small-white.png"
CreateDirectory: "C:\Program Files (x86)\pythonxy\doc\Libraries\docutils\docs\user\rst" (1)
CreateDirectory: "C:\Program Files (x86)\pythonxy\doc\Libraries\docutils\docs\user\rst" created
File: overwriteflag=0, allowskipfilesflag=2, name="cheatsheet.html"
File: wrote 18774 to "C:\Program Files (x86)\pythonxy\doc\Libraries\docutils\docs\user\rst\cheatsheet.html"
File: overwriteflag=0, allowskipfilesflag=2, name="cheatsheet.txt"
File: wrote 6959 to "C:\Program Files (x86)\pythonxy\doc\Libraries\docutils\docs\user\rst\cheatsheet.txt"
File: overwriteflag=0, allowskipfilesflag=2, name="demo.html"
File: wrote 44561 to "C:\Program Files (x86)\pythonxy\doc\Libraries\docutils\docs\user\rst\demo.html"
File: overwriteflag=0, allowskipfilesflag=2, name="demo.txt"
File: wrote 14679 to "C:\Program Files (x86)\pythonxy\doc\Libraries\docutils\docs\user\rst\demo.txt"
File: overwriteflag=0, allowskipfilesflag=2, name="quickref.html"
File: wrote 52658 to "C:\Program Files (x86)\pythonxy\doc\Libraries\docutils\docs\user\rst\quickref.html"
File: overwriteflag=0, allowskipfilesflag=2, name="quickstart.html"
File: wrote 24263 to "C:\Program Files (x86)\pythonxy\doc\Libraries\docutils\docs\user\rst\quickstart.html"
File: overwriteflag=0, allowskipfilesflag=2, name="quickstart.txt"
File: wrote 11275 to "C:\Program Files (x86)\pythonxy\doc\Libraries\docutils\docs\user\rst\quickstart.txt"
CreateDirectory: "C:\Program Files (x86)\pythonxy\doc\Libraries\docutils\docs\user\rst\images" (1)
CreateDirectory: "C:\Program Files (x86)\pythonxy\doc\Libraries\docutils\docs\user\rst\images" created
File: overwriteflag=0, allowskipfilesflag=2, name="ball1.gif"
File: wrote 4361 to "C:\Program Files (x86)\pythonxy\doc\Libraries\docutils\docs\user\rst\images\ball1.gif"
File: overwriteflag=0, allowskipfilesflag=2, name="biohazard-scaling.svg"
File: wrote 7646 to "C:\Program Files (x86)\pythonxy\doc\Libraries\docutils\docs\user\rst\images\biohazard-scaling.svg"
File: overwriteflag=0, allowskipfilesflag=2, name="biohazard.png"
File: wrote 179 to "C:\Program Files (x86)\pythonxy\doc\Libraries\docutils\docs\user\rst\images\biohazard.png"
File: overwriteflag=0, allowskipfilesflag=2, name="biohazard.svg"
File: wrote 7609 to "C:\Program Files (x86)\pythonxy\doc\Libraries\docutils\docs\user\rst\images\biohazard.svg"
File: overwriteflag=0, allowskipfilesflag=2, name="biohazard.swf"
File: wrote 1307 to "C:\Program Files (x86)\pythonxy\doc\Libraries\docutils\docs\user\rst\images\biohazard.swf"
File: overwriteflag=0, allowskipfilesflag=2, name="title-scaling.svg"
File: wrote 2609 to "C:\Program Files (x86)\pythonxy\doc\Libraries\docutils\docs\user\rst\images\title-scaling.svg"
File: overwriteflag=0, allowskipfilesflag=2, name="title.png"
File: wrote 1155 to "C:\Program Files (x86)\pythonxy\doc\Libraries\docutils\docs\user\rst\images\title.png"
File: overwriteflag=0, allowskipfilesflag=2, name="title.svg"
File: wrote 2580 to "C:\Program Files (x86)\pythonxy\doc\Libraries\docutils\docs\user\rst\images\title.svg"
CreateDirectory: "C:\Program Files (x86)\pythonxy\doc\Libraries\docutils" (1)
CreateDirectory: "C:\Python27" (1)
RMDir: "C:\Program Files (x86)\pythonxy\doc\Libraries\docutils"
RMDir: RemoveDirectory("C:\Program Files (x86)\pythonxy\doc\Libraries\docutils\")
RMDir: RemoveDirectory failed("C:\Program Files (x86)\pythonxy\doc\Libraries\docutils\")
WriteRegStr: "HKEY_LOCAL_MACHINE\Software\docutils" ""="C:\Python27\Lib\site-packages\docutils"
WriteRegStr: "HKEY_LOCAL_MACHINE\Software\docutils" "Version"="0.10-1"
WriteRegStr: "HKEY_LOCAL_MACHINE\Software\docutils" "ParentPath"="C:\Python27"
WriteRegStr: "HKEY_LOCAL_MACHINE\Software\docutils" "URL"="http://docutils.sourceforge.net/"
WriteRegStr: "HKEY_LOCAL_MACHINE\Software\Microsoft\Windows\CurrentVersion\Uninstall\Python 2.7 - docutils 0.10-1" "DisplayName"="Python 2.7 - docutils 0.10-1"
WriteRegStr: "HKEY_LOCAL_MACHINE\Software\Microsoft\Windows\CurrentVersion\Uninstall\Python 2.7 - docutils 0.10-1" "UninstallString"="C:\Python27\Lib\site-packages\docutils\Uninstall.exe"
WriteRegStr: "HKEY_LOCAL_MACHINE\Software\Microsoft\Windows\CurrentVersion\Uninstall\Python 2.7 - docutils 0.10-1" "InstallLocation"="C:\Python27\Lib\site-packages\docutils"
WriteRegStr: "HKEY_LOCAL_MACHINE\Software\Microsoft\Windows\CurrentVersion\Uninstall\Python 2.7 - docutils 0.10-1" "DisplayIcon"="C:\Python27\Lib\site-packages\docutils\python.ico"
WriteRegStr: "HKEY_LOCAL_MACHINE\Software\Microsoft\Windows\CurrentVersion\Uninstall\Python 2.7 - docutils 0.10-1" "Publisher"="pythonxy.com"
WriteRegStr: "HKEY_LOCAL_MACHINE\Software\Microsoft\Windows\CurrentVersion\Uninstall\Python 2.7 - docutils 0.10-1" "DisplayVersion"="0.10-1"
WriteRegDWORD: "HKEY_LOCAL_MACHINE\Software\Microsoft\Windows\CurrentVersion\Uninstall\Python 2.7 - docutils 0.10-1" "NoModify"="0x00000001"
WriteRegDWORD: "HKEY_LOCAL_MACHINE\Software\Microsoft\Windows\CurrentVersion\Uninstall\Python 2.7 - docutils 0.10-1" "NoRepair"="0x00000001"
WriteRegStr: "HKEY_LOCAL_MACHINE\Software\Microsoft\Windows\CurrentVersion\Uninstall\Python 2.7 - docutils 0.10-1" "ParentDisplayName"="Python(x,y)"
WriteRegStr: "HKEY_LOCAL_MACHINE\Software\Microsoft\Windows\CurrentVersion\Uninstall\Python 2.7 - docutils 0.10-1" "ParentKeyName"="Python(x,y)"
WriteRegStr: "HKEY_LOCAL_MACHINE\Software\Python(x,y)\uninstall" "docutils"="C:\Python27\Lib\site-packages\docutils"
created uninstaller: 10024, "C:\Python27\Lib\site-packages\docutils\Uninstall.exe"
IfFileExists: file "C:\Python27\Scripts\docutils_postinstall.py" does not exist, jumping 837
IfFileExists: file "C:\Python27\Scripts\docutils_win_post_install.py" does not exist, jumping 844
Delete: DeleteFile("C:\Users\bjones\AppData\Local\Temp\nsq885A.tmp\System.dll")
RMDir: RemoveDirectory("C:\Users\bjones\AppData\Local\Temp\nsq885A.tmp\")
